app/build/intermediates/manifest_merge_blame_file/debug/manifest-merger-blame-debug-report.txt
1<?xml version="1.0" encoding="utf-8"?>
2<manifest xmlns:android="http://schemas.android.com/apk/res/android"
3    package="tensor_programming.com.webview"
4    android:versionCode="1"
5    android:versionName="1.0" >
6
7    <uses-sdk
8        android:minSdkVersion="22"
8-->src/main/AndroidManifest.xml
9        android:targetSdkVersion="26" />
9-->src/main/AndroidManifest.xml
10
11    <uses-permission android:name="android.permission.INTERNET" />
11-->src/main/AndroidManifest.xml:5:5-67
11-->src/main/AndroidManifest.xml:5:22-64
12    <uses-permission android:name="android.permission.ACCESS_NETWORK_STATE" />
12-->src/main/AndroidManifest.xml:6:5-79
12-->src/main/AndroidManifest.xml:6:22-76
13    <uses-permission android:name="android.permission.ACCESS_WIFI_STATE" />
13-->src/main/AndroidManifest.xml:7:5-76
13-->src/main/AndroidManifest.xml:7:22-73
14    <uses-permission android:name="android.permission.WAKE_LOCK" />
14-->[com.google.firebase:firebase-measurement-connector-impl:17.0.2] AndroidManifest.xml:24:5-68
14-->[com.google.firebase:firebase-measurement-connector-impl:17.0.2] AndroidManifest.xml:24:22-65
15    <uses-permission android:name="com.google.android.finsky.permission.BIND_GET_INSTALL_REFERRER_SERVICE" /> <!-- Required by older versions of Google Play services to create IID tokens -->
15-->[com.google.firebase:firebase-analytics:16.0.4] AndroidManifest.xml:26:5-110
15-->[com.google.firebase:firebase-analytics:16.0.4] AndroidManifest.xml:26:22-107
16    <uses-permission android:name="com.google.android.c2dm.permission.RECEIVE" />
16-->[com.google.firebase:firebase-iid:17.0.4] AndroidManifest.xml:26:5-82
16-->[com.google.firebase:firebase-iid:17.0.4] AndroidManifest.xml:26:22-79
17
18    <application
18-->src/main/AndroidManifest.xml:9:5-26:19
19        android:allowBackup="true"
19-->src/main/AndroidManifest.xml:10:9-35
20        android:debuggable="true"
21        android:icon="@mipmap/ic_launcher"
21-->src/main/AndroidManifest.xml:11:9-43
22        android:label="@string/app_name"
22-->src/main/AndroidManifest.xml:12:9-41
23        android:roundIcon="@mipmap/ic_launcher_round"
23-->src/main/AndroidManifest.xml:13:9-54
24        android:supportsRtl="true"
24-->src/main/AndroidManifest.xml:14:9-35
25        android:theme="@style/AppTheme" >
25-->src/main/AndroidManifest.xml:15:9-40
26        <activity
26-->src/main/AndroidManifest.xml:16:9-24:20
27            android:name="tensor_programming.com.webview.SplashScreenActivity"
27-->src/main/AndroidManifest.xml:17:13-49
28            android:theme="@style/SplashTheme" >
28-->src/main/AndroidManifest.xml:18:13-47
29            <intent-filter>
29-->src/main/AndroidManifest.xml:19:13-23:29
30                <action android:name="android.intent.action.MAIN" />
30-->src/main/AndroidManifest.xml:20:17-69
30-->src/main/AndroidManifest.xml:20:25-66
31
32                <category android:name="android.intent.category.LAUNCHER" />
32-->src/main/AndroidManifest.xml:22:17-77
32-->src/main/AndroidManifest.xml:22:27-74
33            </intent-filter>
34        </activity>
35        <activity android:name="tensor_programming.com.webview.WebViewActivity" />
35-->src/main/AndroidManifest.xml:25:9-53
35-->src/main/AndroidManifest.xml:25:19-50
36
37        <service
37-->[com.google.firebase:firebase-inappmessaging-display:17.0.4] AndroidManifest.xml:15:9-19:19
38            android:name="com.google.firebase.components.ComponentDiscoveryService"
38-->[com.google.firebase:firebase-inappmessaging-display:17.0.4] AndroidManifest.xml:15:18-89
39            android:exported="false" >
39-->[com.google.firebase:firebase-iid:17.0.4] AndroidManifest.xml:31:13-37
40            <meta-data
40-->[com.google.firebase:firebase-inappmessaging-display:17.0.4] AndroidManifest.xml:16:13-18:85
41                android:name="com.google.firebase.components:com.google.firebase.inappmessaging.display.FirebaseInAppMessagingDisplayRegistrar"
41-->[com.google.firebase:firebase-inappmessaging-display:17.0.4] AndroidManifest.xml:17:17-144
42                android:value="com.google.firebase.components.ComponentRegistrar" />
42-->[com.google.firebase:firebase-inappmessaging-display:17.0.4] AndroidManifest.xml:18:17-82
43            <meta-data
43-->[com.google.firebase:firebase-inappmessaging:17.0.4] AndroidManifest.xml:15:13-17:85
44                android:name="com.google.firebase.components:com.google.firebase.inappmessaging.FirebaseInAppMessagingRegistrar"
44-->[com.google.firebase:firebase-inappmessaging:17.0.4] AndroidManifest.xml:16:17-129
45                android:value="com.google.firebase.components.ComponentRegistrar" />
45-->[com.google.firebase:firebase-inappmessaging:17.0.4] AndroidManifest.xml:17:17-82
46            <meta-data
46-->[com.google.firebase:firebase-measurement-connector-impl:17.0.2] AndroidManifest.xml:28:13-30:85
47                android:name="com.google.firebase.components:com.google.firebase.analytics.connector.internal.AnalyticsConnectorRegistrar"
47-->[com.google.firebase:firebase-measurement-connector-impl:17.0.2] AndroidManifest.xml:29:17-139
48                android:value="com.google.firebase.components.ComponentRegistrar" />
48-->[com.google.firebase:firebase-measurement-connector-impl:17.0.2] AndroidManifest.xml:30:17-82
49            <meta-data
49-->[com.google.firebase:firebase-iid:17.0.4] AndroidManifest.xml:32:13-34:85
50                android:name="com.google.firebase.components:com.google.firebase.iid.Registrar"
50-->[com.google.firebase:firebase-iid:17.0.4] AndroidManifest.xml:33:17-96
51                android:value="com.google.firebase.components.ComponentRegistrar" />
51-->[com.google.firebase:firebase-iid:17.0.4] AndroidManifest.xml:34:17-82
52        </service>
53        <!--
54             FirebaseMessagingService performs security checks at runtime,
55             no need for explicit permissions despite exported="true"
56        -->
57        <service
57-->[com.google.firebase:firebase-messaging:17.3.4] AndroidManifest.xml:28:9-34:19
58            android:name="com.google.firebase.messaging.FirebaseMessagingService"
58-->[com.google.firebase:firebase-messaging:17.3.4] AndroidManifest.xml:29:13-82
59            android:exported="true" >
59-->[com.google.firebase:firebase-messaging:17.3.4] AndroidManifest.xml:30:13-36
60            <intent-filter android:priority="-500" >
60-->[com.google.firebase:firebase-messaging:17.3.4] AndroidManifest.xml:31:13-33:29
60-->[com.google.firebase:firebase-messaging:17.3.4] AndroidManifest.xml:31:28-51
61                <action android:name="com.google.firebase.MESSAGING_EVENT" />
61-->[com.google.firebase:firebase-messaging:17.3.4] AndroidManifest.xml:32:17-78
61-->[com.google.firebase:firebase-messaging:17.3.4] AndroidManifest.xml:32:25-75
62            </intent-filter>
63        </service>
64
65        <receiver
65-->[com.google.firebase:firebase-analytics:16.0.4] AndroidManifest.xml:29:9-33:20
66            android:name="com.google.android.gms.measurement.AppMeasurementReceiver"
66-->[com.google.firebase:firebase-analytics:16.0.4] AndroidManifest.xml:30:13-85
67            android:enabled="true"
67-->[com.google.firebase:firebase-analytics:16.0.4] AndroidManifest.xml:31:13-35
68            android:exported="false" >
68-->[com.google.firebase:firebase-analytics:16.0.4] AndroidManifest.xml:32:13-37
69        </receiver>
70        <receiver
70-->[com.google.firebase:firebase-analytics:16.0.4] AndroidManifest.xml:34:9-42:20
71            android:name="com.google.android.gms.measurement.AppMeasurementInstallReferrerReceiver"
71-->[com.google.firebase:firebase-analytics:16.0.4] AndroidManifest.xml:35:13-100
72            android:enabled="true"
72-->[com.google.firebase:firebase-analytics:16.0.4] AndroidManifest.xml:36:13-35
73            android:exported="true"
73-->[com.google.firebase:firebase-analytics:16.0.4] AndroidManifest.xml:37:13-36
74            android:permission="android.permission.INSTALL_PACKAGES" >
74-->[com.google.firebase:firebase-analytics:16.0.4] AndroidManifest.xml:38:13-69
75            <intent-filter>
75-->[com.google.firebase:firebase-analytics:16.0.4] AndroidManifest.xml:39:13-41:29
76                <action android:name="com.android.vending.INSTALL_REFERRER" />
76-->[com.google.firebase:firebase-analytics:16.0.4] AndroidManifest.xml:40:17-79
76-->[com.google.firebase:firebase-analytics:16.0.4] AndroidManifest.xml:40:25-76
77            </intent-filter>
78        </receiver>
79
80        <service
80-->[com.google.firebase:firebase-analytics:16.0.4] AndroidManifest.xml:44:9-47:40
81            android:name="com.google.android.gms.measurement.AppMeasurementService"
81-->[com.google.firebase:firebase-analytics:16.0.4] AndroidManifest.xml:45:13-84
82            android:enabled="true"
82-->[com.google.firebase:firebase-analytics:16.0.4] AndroidManifest.xml:46:13-35
83            android:exported="false" />
83-->[com.google.firebase:firebase-analytics:16.0.4] AndroidManifest.xml:47:13-37
84        <service
84-->[com.google.firebase:firebase-analytics:16.0.4] AndroidManifest.xml:48:9-52:72
85            android:name="com.google.android.gms.measurement.AppMeasurementJobService"
85-->[com.google.firebase:firebase-analytics:16.0.4] AndroidManifest.xml:49:13-87
86            android:enabled="true"
86-->[com.google.firebase:firebase-analytics:16.0.4] AndroidManifest.xml:50:13-35
87            android:exported="false"
87-->[com.google.firebase:firebase-analytics:16.0.4] AndroidManifest.xml:51:13-37
88            android:permission="android.permission.BIND_JOB_SERVICE" />
88-->[com.google.firebase:firebase-analytics:16.0.4] AndroidManifest.xml:52:13-69
89
90        <receiver
90-->[com.google.firebase:firebase-iid:17.0.4] AndroidManifest.xml:37:9-44:20
91            android:name="com.google.firebase.iid.FirebaseInstanceIdReceiver"
91-->[com.google.firebase:firebase-iid:17.0.4] AndroidManifest.xml:38:13-78
92            android:exported="true"
92-->[com.google.firebase:firebase-iid:17.0.4] AndroidManifest.xml:39:13-36
93            android:permission="com.google.android.c2dm.permission.SEND" >
93-->[com.google.firebase:firebase-iid:17.0.4] AndroidManifest.xml:40:13-73
94            <intent-filter>
94-->[com.google.firebase:firebase-iid:17.0.4] AndroidManifest.xml:41:13-43:29
95                <action android:name="com.google.android.c2dm.intent.RECEIVE" />
95-->[com.google.firebase:firebase-iid:17.0.4] AndroidManifest.xml:42:17-81
95-->[com.google.firebase:firebase-iid:17.0.4] AndroidManifest.xml:42:25-78
96            </intent-filter>
97        </receiver>
98        <!--
99             FirebaseInstanceIdService performs security checks at runtime,
100             no need for explicit permissions despite exported="true"
101        -->
102        <service
102-->[com.google.firebase:firebase-iid:17.0.4] AndroidManifest.xml:50:9-56:19
103            android:name="com.google.firebase.iid.FirebaseInstanceIdService"
103-->[com.google.firebase:firebase-iid:17.0.4] AndroidManifest.xml:51:13-77
104            android:exported="true" >
104-->[com.google.firebase:firebase-iid:17.0.4] AndroidManifest.xml:52:13-36
105            <intent-filter android:priority="-500" >
105-->[com.google.firebase:firebase-iid:17.0.4] AndroidManifest.xml:53:13-55:29
105-->[com.google.firebase:firebase-iid:17.0.4] AndroidManifest.xml:53:28-51
106                <action android:name="com.google.firebase.INSTANCE_ID_EVENT" />
106-->[com.google.firebase:firebase-iid:17.0.4] AndroidManifest.xml:54:17-80
106-->[com.google.firebase:firebase-iid:17.0.4] AndroidManifest.xml:54:25-77
107            </intent-filter>
108        </service>
109
110        <provider
110-->[com.google.firebase:firebase-common:16.0.4] AndroidManifest.xml:10:9-14:39
111            android:name="com.google.firebase.provider.FirebaseInitProvider"
111-->[com.google.firebase:firebase-common:16.0.4] AndroidManifest.xml:11:13-77
112            android:authorities="tensor_programming.com.webview.firebaseinitprovider"
112-->[com.google.firebase:firebase-common:16.0.4] AndroidManifest.xml:12:13-72
113            android:exported="false"
113-->[com.google.firebase:firebase-common:16.0.4] AndroidManifest.xml:13:13-37
114            android:initOrder="100" />
114-->[com.google.firebase:firebase-common:16.0.4] AndroidManifest.xml:14:13-36
115
116        <activity
116-->[com.google.android.gms:play-services-base:16.0.1] AndroidManifest.xml:23:9-26:75
117            android:name="com.google.android.gms.common.api.GoogleApiActivity"
117-->[com.google.android.gms:play-services-base:16.0.1] AndroidManifest.xml:24:13-79
118            android:exported="false"
118-->[com.google.android.gms:play-services-base:16.0.1] AndroidManifest.xml:25:13-37
119            android:theme="@android:style/Theme.Translucent.NoTitleBar" />
119-->[com.google.android.gms:play-services-base:16.0.1] AndroidManifest.xml:26:13-72
120
121        <meta-data
121-->[com.google.android.gms:play-services-basement:16.0.1] AndroidManifest.xml:23:9-25:69
122            android:name="com.google.android.gms.version"
122-->[com.google.android.gms:play-services-basement:16.0.1] AndroidManifest.xml:24:13-58
123            android:value="@integer/google_play_services_version" />
123-->[com.google.android.gms:play-services-basement:16.0.1] AndroidManifest.xml:25:13-66
124        <meta-data
124-->[com.android.support:support-v4:26.1.0] AndroidManifest.xml:26:9-28:38
125            android:name="android.support.VERSION"
125-->[com.android.support:support-v4:26.1.0] AndroidManifest.xml:27:13-51
126            android:value="26.1.0" />
126-->[com.android.support:support-v4:26.1.0] AndroidManifest.xml:28:13-35
127    </application>
128
129</manifest>